<?xml version="1.0" encoding="UTF-8"?>
<!-- Generated by org.testng.reporters.JUnitReportReporter -->
<testsuite hostname="LAPTOP-TI082SJI" failures="0" tests="1" name="tests.TC_NC_017" time="1.710" errors="0" timestamp="2025-03-26T11:54:30 IST" skipped="0">
  <testcase classname="tests.TC_NC_017" name="newCustomerAdding" time="1.710"/>
</testsuite> <!-- tests.TC_NC_017 -->
