<?xml version="1.0" encoding="UTF-8"?>
<!-- Generated by org.testng.reporters.JUnitReportReporter -->
<testsuite hostname="LAPTOP-TI082SJI" failures="0" tests="1" name="tests.TC_NC_012" time="0.316" errors="0" timestamp="2025-03-26T12:55:37 IST" skipped="0">
  <testcase classname="tests.TC_NC_012" name="newCustomerAdding" time="0.316"/>
</testsuite> <!-- tests.TC_NC_012 -->
